<?xml version="1.0" encoding="UTF-8"?>
<!-- Generated by org.testng.reporters.JUnitXMLReporter -->
<testsuite hostname="DESKTOP-F5R25D7" ignored="0" name="Default test" tests="3" failures="0" timestamp="01 Feb 2019 06:08:22 GMT" time="43.476" errors="0">
  <testcase name="validLoginTest" time="4.755" classname="com.training.sanity.tests.AdminAccesstoMultipleUsersTests"/>
  <testcase name="validLoginTest" time="5.231" classname="com.training.sanity.tests.AdminAccesstoMultipleUsersTests"/>
  <testcase name="validLoginTest" time="4.771" classname="com.training.sanity.tests.AdminAccesstoMultipleUsersTests"/>
</testsuite> <!-- Default test -->
